[2019-12-06 11:52:03.319] [exthost] [info] extension host started
[2019-12-06 11:52:03.434] [exthost] [info] ExtensionService#_doActivateExtension vscode.debug-auto-launch {"startup":true,"extensionId":{"value":"vscode.debug-auto-launch","_lower":"vscode.debug-auto-launch"},"activationEvent":"*"}
[2019-12-06 11:52:03.435] [exthost] [info] ExtensionService#loadCommonJSModule file:///snap/code/21/usr/share/code/resources/app/extensions/debug-auto-launch/dist/extension
[2019-12-06 11:52:03.447] [exthost] [info] ExtensionService#_doActivateExtension vscode.emmet {"startup":true,"extensionId":{"value":"vscode.emmet","_lower":"vscode.emmet"},"activationEvent":"*"}
[2019-12-06 11:52:03.448] [exthost] [info] ExtensionService#loadCommonJSModule file:///snap/code/21/usr/share/code/resources/app/extensions/emmet/dist/extension
[2019-12-06 11:52:03.532] [exthost] [info] ExtensionService#_doActivateExtension vscode.git {"startup":true,"extensionId":{"value":"vscode.git","_lower":"vscode.git"},"activationEvent":"*"}
[2019-12-06 11:52:03.533] [exthost] [info] ExtensionService#loadCommonJSModule file:///snap/code/21/usr/share/code/resources/app/extensions/git/dist/main
[2019-12-06 11:52:03.670] [exthost] [info] ExtensionService#_doActivateExtension vscode.merge-conflict {"startup":true,"extensionId":{"value":"vscode.merge-conflict","_lower":"vscode.merge-conflict"},"activationEvent":"*"}
[2019-12-06 11:52:03.671] [exthost] [info] ExtensionService#loadCommonJSModule file:///snap/code/21/usr/share/code/resources/app/extensions/merge-conflict/dist/extension
[2019-12-06 11:52:03.677] [exthost] [info] eager extensions activated
[2019-12-06 11:52:14.214] [exthost] [info] extension host started
[2019-12-06 11:52:14.283] [exthost] [info] ExtensionService#_doActivateExtension vscode.debug-auto-launch {"startup":true,"extensionId":{"value":"vscode.debug-auto-launch","_lower":"vscode.debug-auto-launch"},"activationEvent":"*"}
[2019-12-06 11:52:14.283] [exthost] [info] ExtensionService#loadCommonJSModule file:///snap/code/21/usr/share/code/resources/app/extensions/debug-auto-launch/dist/extension
[2019-12-06 11:52:14.296] [exthost] [info] ExtensionService#_doActivateExtension vscode.emmet {"startup":true,"extensionId":{"value":"vscode.emmet","_lower":"vscode.emmet"},"activationEvent":"*"}
[2019-12-06 11:52:14.297] [exthost] [info] ExtensionService#loadCommonJSModule file:///snap/code/21/usr/share/code/resources/app/extensions/emmet/dist/extension
[2019-12-06 11:52:14.320] [exthost] [info] ExtensionService#_doActivateExtension vscode.git {"startup":true,"extensionId":{"value":"vscode.git","_lower":"vscode.git"},"activationEvent":"*"}
[2019-12-06 11:52:14.320] [exthost] [info] ExtensionService#loadCommonJSModule file:///snap/code/21/usr/share/code/resources/app/extensions/git/dist/main
[2019-12-06 11:52:14.343] [exthost] [info] ExtensionService#_doActivateExtension vscode.merge-conflict {"startup":true,"extensionId":{"value":"vscode.merge-conflict","_lower":"vscode.merge-conflict"},"activationEvent":"*"}
[2019-12-06 11:52:14.343] [exthost] [info] ExtensionService#loadCommonJSModule file:///snap/code/21/usr/share/code/resources/app/extensions/merge-conflict/dist/extension
[2019-12-06 11:52:14.361] [exthost] [info] ExtensionService#_doActivateExtension vscode.npm {"startup":true,"extensionId":{"value":"vscode.npm","_lower":"vscode.npm"},"activationEvent":"workspaceContains:package.json"}
[2019-12-06 11:52:14.361] [exthost] [info] ExtensionService#loadCommonJSModule file:///snap/code/21/usr/share/code/resources/app/extensions/npm/dist/main
[2019-12-06 11:52:14.411] [exthost] [info] eager extensions activated
[2019-12-06 11:54:14.404] [exthost] [info] ExtensionService#_doActivateExtension vscode.extension-editing {"startup":false,"extensionId":{"value":"vscode.extension-editing","_lower":"vscode.extension-editing"},"activationEvent":"onLanguage:typescript"}
[2019-12-06 11:54:14.406] [exthost] [info] ExtensionService#loadCommonJSModule file:///snap/code/21/usr/share/code/resources/app/extensions/extension-editing/dist/extension
[2019-12-06 11:54:14.502] [exthost] [info] ExtensionService#_doActivateExtension vscode.typescript-language-features {"startup":false,"extensionId":{"value":"vscode.typescript-language-features","_lower":"vscode.typescript-language-features"},"activationEvent":"onLanguage:typescript"}
[2019-12-06 11:54:14.502] [exthost] [info] ExtensionService#loadCommonJSModule file:///snap/code/21/usr/share/code/resources/app/extensions/typescript-language-features/dist/extension
[2019-12-06 11:54:39.360] [exthost] [info] ExtensionService#_doActivateExtension vscode.html-language-features {"startup":false,"extensionId":{"value":"vscode.html-language-features","_lower":"vscode.html-language-features"},"activationEvent":"onLanguage:html"}
[2019-12-06 11:54:39.360] [exthost] [info] ExtensionService#loadCommonJSModule file:///snap/code/21/usr/share/code/resources/app/extensions/html-language-features/client/dist/htmlMain
[2019-12-06 11:54:44.428] [exthost] [info] ExtensionService#_doActivateExtension vscode.configuration-editing {"startup":false,"extensionId":{"value":"vscode.configuration-editing","_lower":"vscode.configuration-editing"},"activationEvent":"onLanguage:jsonc"}
[2019-12-06 11:54:44.428] [exthost] [info] ExtensionService#loadCommonJSModule file:///snap/code/21/usr/share/code/resources/app/extensions/configuration-editing/dist/extension
[2019-12-06 11:54:44.496] [exthost] [info] ExtensionService#_doActivateExtension vscode.json-language-features {"startup":false,"extensionId":{"value":"vscode.json-language-features","_lower":"vscode.json-language-features"},"activationEvent":"onLanguage:jsonc"}
[2019-12-06 11:54:44.496] [exthost] [info] ExtensionService#loadCommonJSModule file:///snap/code/21/usr/share/code/resources/app/extensions/json-language-features/client/dist/jsonMain
[2019-12-06 12:08:27.827] [exthost] [info] ExtensionService#_doActivateExtension vscode.css-language-features {"startup":false,"extensionId":{"value":"vscode.css-language-features","_lower":"vscode.css-language-features"},"activationEvent":"onLanguage:scss"}
[2019-12-06 12:08:27.828] [exthost] [info] ExtensionService#loadCommonJSModule file:///snap/code/21/usr/share/code/resources/app/extensions/css-language-features/client/dist/cssMain
