[2019-12-06 16:01:41.235] [renderer1] [error] TreeError [MarkersPanel] Tree element not found: [object Object]: Error: TreeError [MarkersPanel] Tree element not found: [object Object]
    at t.ObjectTreeModel.getElementLocation (file:///snap/code/21/usr/share/code/resources/app/out/vs/workbench/workbench.desktop.main.js:133:120)
    at t.ObjectTreeModel.isCollapsed (file:///snap/code/21/usr/share/code/resources/app/out/vs/workbench/workbench.desktop.main.js:132:250)
    at W.isCollapsed (file:///snap/code/21/usr/share/code/resources/app/out/vs/workbench/workbench.desktop.main.js:1043:391)
    at z.revealMarkersForCurrentActiveEditor (file:///snap/code/21/usr/share/code/resources/app/out/vs/workbench/workbench.desktop.main.js:5926:628)
    at z.autoReveal (file:///snap/code/21/usr/share/code/resources/app/out/vs/workbench/workbench.desktop.main.js:5926:485)
    at z.onActiveEditorChanged (file:///snap/code/21/usr/share/code/resources/app/out/vs/workbench/workbench.desktop.main.js:5923:776)
    at file:///snap/code/21/usr/share/code/resources/app/out/vs/workbench/workbench.desktop.main.js:5922:754
    at file:///snap/code/21/usr/share/code/resources/app/out/vs/workbench/workbench.desktop.main.js:111:709
    at c.fire (file:///snap/code/21/usr/share/code/resources/app/out/vs/workbench/workbench.desktop.main.js:115:286)
    at e.doEmitActiveEditorChangeEvent (file:///snap/code/21/usr/share/code/resources/app/out/vs/workbench/workbench.desktop.main.js:4909:172)
    at e.handleActiveEditorChange (file:///snap/code/21/usr/share/code/resources/app/out/vs/workbench/workbench.desktop.main.js:4908:992)
    at file:///snap/code/21/usr/share/code/resources/app/out/vs/workbench/workbench.desktop.main.js:4909:282
    at c.fire (file:///snap/code/21/usr/share/code/resources/app/out/vs/workbench/workbench.desktop.main.js:115:286)
    at file:///snap/code/21/usr/share/code/resources/app/out/vs/workbench/workbench.desktop.main.js:5569:875
    at async e.openEditor (file:///snap/code/21/usr/share/code/resources/app/out/vs/workbench/workbench.desktop.main.js:5568:750)
    at async M.doOpenEditor (file:///snap/code/21/usr/share/code/resources/app/out/vs/workbench/workbench.desktop.main.js:4911:304)
    at async M.editorOpenHandler (file:///snap/code/21/usr/share/code/resources/app/out/vs/workbench/workbench.desktop.main.js:5889:361)
    at async M.doOpenEditor (file:///snap/code/21/usr/share/code/resources/app/out/vs/workbench/workbench.desktop.main.js:4916:394)
    at async file:///snap/code/21/usr/share/code/resources/app/out/vs/workbench/workbench.desktop.main.js:5866:813
[2019-12-06 16:04:02.418] [renderer1] [error] TreeError [MarkersPanel] Tree element not found: [object Object]: Error: TreeError [MarkersPanel] Tree element not found: [object Object]
    at t.ObjectTreeModel.getElementLocation (file:///snap/code/21/usr/share/code/resources/app/out/vs/workbench/workbench.desktop.main.js:133:120)
    at t.ObjectTreeModel.isCollapsed (file:///snap/code/21/usr/share/code/resources/app/out/vs/workbench/workbench.desktop.main.js:132:250)
    at W.isCollapsed (file:///snap/code/21/usr/share/code/resources/app/out/vs/workbench/workbench.desktop.main.js:1043:391)
    at z.revealMarkersForCurrentActiveEditor (file:///snap/code/21/usr/share/code/resources/app/out/vs/workbench/workbench.desktop.main.js:5926:628)
    at z.autoReveal (file:///snap/code/21/usr/share/code/resources/app/out/vs/workbench/workbench.desktop.main.js:5926:485)
    at z.onActiveEditorChanged (file:///snap/code/21/usr/share/code/resources/app/out/vs/workbench/workbench.desktop.main.js:5923:776)
    at file:///snap/code/21/usr/share/code/resources/app/out/vs/workbench/workbench.desktop.main.js:5922:754
    at file:///snap/code/21/usr/share/code/resources/app/out/vs/workbench/workbench.desktop.main.js:111:709
    at c.fire (file:///snap/code/21/usr/share/code/resources/app/out/vs/workbench/workbench.desktop.main.js:115:286)
    at e.doEmitActiveEditorChangeEvent (file:///snap/code/21/usr/share/code/resources/app/out/vs/workbench/workbench.desktop.main.js:4909:172)
    at e.handleActiveEditorChange (file:///snap/code/21/usr/share/code/resources/app/out/vs/workbench/workbench.desktop.main.js:4908:992)
    at file:///snap/code/21/usr/share/code/resources/app/out/vs/workbench/workbench.desktop.main.js:4909:282
    at c.fire (file:///snap/code/21/usr/share/code/resources/app/out/vs/workbench/workbench.desktop.main.js:115:286)
    at file:///snap/code/21/usr/share/code/resources/app/out/vs/workbench/workbench.desktop.main.js:5569:875
    at async e.openEditor (file:///snap/code/21/usr/share/code/resources/app/out/vs/workbench/workbench.desktop.main.js:5568:750)
    at async M.doOpenEditor (file:///snap/code/21/usr/share/code/resources/app/out/vs/workbench/workbench.desktop.main.js:4911:304)
    at async M.editorOpenHandler (file:///snap/code/21/usr/share/code/resources/app/out/vs/workbench/workbench.desktop.main.js:5889:361)
    at async M.doOpenEditor (file:///snap/code/21/usr/share/code/resources/app/out/vs/workbench/workbench.desktop.main.js:4916:394)
    at async file:///snap/code/21/usr/share/code/resources/app/out/vs/workbench/workbench.desktop.main.js:5866:813
[2019-12-06 16:04:30.122] [renderer1] [error] TreeError [MarkersPanel] Tree element not found: [object Object]: Error: TreeError [MarkersPanel] Tree element not found: [object Object]
    at t.ObjectTreeModel.getElementLocation (file:///snap/code/21/usr/share/code/resources/app/out/vs/workbench/workbench.desktop.main.js:133:120)
    at t.ObjectTreeModel.isCollapsed (file:///snap/code/21/usr/share/code/resources/app/out/vs/workbench/workbench.desktop.main.js:132:250)
    at W.isCollapsed (file:///snap/code/21/usr/share/code/resources/app/out/vs/workbench/workbench.desktop.main.js:1043:391)
    at z.revealMarkersForCurrentActiveEditor (file:///snap/code/21/usr/share/code/resources/app/out/vs/workbench/workbench.desktop.main.js:5926:628)
    at z.autoReveal (file:///snap/code/21/usr/share/code/resources/app/out/vs/workbench/workbench.desktop.main.js:5926:485)
    at z.onActiveEditorChanged (file:///snap/code/21/usr/share/code/resources/app/out/vs/workbench/workbench.desktop.main.js:5923:776)
    at file:///snap/code/21/usr/share/code/resources/app/out/vs/workbench/workbench.desktop.main.js:5922:754
    at file:///snap/code/21/usr/share/code/resources/app/out/vs/workbench/workbench.desktop.main.js:111:709
    at c.fire (file:///snap/code/21/usr/share/code/resources/app/out/vs/workbench/workbench.desktop.main.js:115:286)
    at e.doEmitActiveEditorChangeEvent (file:///snap/code/21/usr/share/code/resources/app/out/vs/workbench/workbench.desktop.main.js:4909:172)
    at e.handleActiveEditorChange (file:///snap/code/21/usr/share/code/resources/app/out/vs/workbench/workbench.desktop.main.js:4908:992)
    at file:///snap/code/21/usr/share/code/resources/app/out/vs/workbench/workbench.desktop.main.js:4909:282
    at c.fire (file:///snap/code/21/usr/share/code/resources/app/out/vs/workbench/workbench.desktop.main.js:115:286)
    at file:///snap/code/21/usr/share/code/resources/app/out/vs/workbench/workbench.desktop.main.js:5569:875
    at async e.openEditor (file:///snap/code/21/usr/share/code/resources/app/out/vs/workbench/workbench.desktop.main.js:5568:750)
    at async M.doOpenEditor (file:///snap/code/21/usr/share/code/resources/app/out/vs/workbench/workbench.desktop.main.js:4911:304)
    at async M.editorOpenHandler (file:///snap/code/21/usr/share/code/resources/app/out/vs/workbench/workbench.desktop.main.js:5889:361)
    at async M.doOpenEditor (file:///snap/code/21/usr/share/code/resources/app/out/vs/workbench/workbench.desktop.main.js:4916:394)
    at async file:///snap/code/21/usr/share/code/resources/app/out/vs/workbench/workbench.desktop.main.js:5866:813
[2019-12-06 16:04:36.838] [renderer1] [error] TreeError [MarkersPanel] Tree element not found: [object Object]: Error: TreeError [MarkersPanel] Tree element not found: [object Object]
    at t.ObjectTreeModel.getElementLocation (file:///snap/code/21/usr/share/code/resources/app/out/vs/workbench/workbench.desktop.main.js:133:120)
    at t.ObjectTreeModel.isCollapsed (file:///snap/code/21/usr/share/code/resources/app/out/vs/workbench/workbench.desktop.main.js:132:250)
    at W.isCollapsed (file:///snap/code/21/usr/share/code/resources/app/out/vs/workbench/workbench.desktop.main.js:1043:391)
    at z.revealMarkersForCurrentActiveEditor (file:///snap/code/21/usr/share/code/resources/app/out/vs/workbench/workbench.desktop.main.js:5926:628)
    at z.autoReveal (file:///snap/code/21/usr/share/code/resources/app/out/vs/workbench/workbench.desktop.main.js:5926:485)
    at z.onActiveEditorChanged (file:///snap/code/21/usr/share/code/resources/app/out/vs/workbench/workbench.desktop.main.js:5923:776)
    at file:///snap/code/21/usr/share/code/resources/app/out/vs/workbench/workbench.desktop.main.js:5922:754
    at file:///snap/code/21/usr/share/code/resources/app/out/vs/workbench/workbench.desktop.main.js:111:709
    at c.fire (file:///snap/code/21/usr/share/code/resources/app/out/vs/workbench/workbench.desktop.main.js:115:286)
    at e.doEmitActiveEditorChangeEvent (file:///snap/code/21/usr/share/code/resources/app/out/vs/workbench/workbench.desktop.main.js:4909:172)
    at e.handleActiveEditorChange (file:///snap/code/21/usr/share/code/resources/app/out/vs/workbench/workbench.desktop.main.js:4908:992)
    at file:///snap/code/21/usr/share/code/resources/app/out/vs/workbench/workbench.desktop.main.js:4909:282
    at c.fire (file:///snap/code/21/usr/share/code/resources/app/out/vs/workbench/workbench.desktop.main.js:115:286)
    at file:///snap/code/21/usr/share/code/resources/app/out/vs/workbench/workbench.desktop.main.js:5569:875
    at async e.openEditor (file:///snap/code/21/usr/share/code/resources/app/out/vs/workbench/workbench.desktop.main.js:5568:750)
    at async M.doOpenEditor (file:///snap/code/21/usr/share/code/resources/app/out/vs/workbench/workbench.desktop.main.js:4911:304)
    at async M.editorOpenHandler (file:///snap/code/21/usr/share/code/resources/app/out/vs/workbench/workbench.desktop.main.js:5889:361)
    at async M.doOpenEditor (file:///snap/code/21/usr/share/code/resources/app/out/vs/workbench/workbench.desktop.main.js:4916:394)
    at async file:///snap/code/21/usr/share/code/resources/app/out/vs/workbench/workbench.desktop.main.js:5866:813
[2019-12-06 16:13:33.026] [renderer1] [error] TreeError [MarkersPanel] Tree element not found: [object Object]: Error: TreeError [MarkersPanel] Tree element not found: [object Object]
    at t.ObjectTreeModel.getElementLocation (file:///snap/code/21/usr/share/code/resources/app/out/vs/workbench/workbench.desktop.main.js:133:120)
    at t.ObjectTreeModel.isCollapsed (file:///snap/code/21/usr/share/code/resources/app/out/vs/workbench/workbench.desktop.main.js:132:250)
    at W.isCollapsed (file:///snap/code/21/usr/share/code/resources/app/out/vs/workbench/workbench.desktop.main.js:1043:391)
    at z.revealMarkersForCurrentActiveEditor (file:///snap/code/21/usr/share/code/resources/app/out/vs/workbench/workbench.desktop.main.js:5926:628)
    at z.autoReveal (file:///snap/code/21/usr/share/code/resources/app/out/vs/workbench/workbench.desktop.main.js:5926:485)
    at z.onActiveEditorChanged (file:///snap/code/21/usr/share/code/resources/app/out/vs/workbench/workbench.desktop.main.js:5923:776)
    at file:///snap/code/21/usr/share/code/resources/app/out/vs/workbench/workbench.desktop.main.js:5922:754
    at file:///snap/code/21/usr/share/code/resources/app/out/vs/workbench/workbench.desktop.main.js:111:709
    at c.fire (file:///snap/code/21/usr/share/code/resources/app/out/vs/workbench/workbench.desktop.main.js:115:286)
    at e.doEmitActiveEditorChangeEvent (file:///snap/code/21/usr/share/code/resources/app/out/vs/workbench/workbench.desktop.main.js:4909:172)
    at e.handleActiveEditorChange (file:///snap/code/21/usr/share/code/resources/app/out/vs/workbench/workbench.desktop.main.js:4908:992)
    at file:///snap/code/21/usr/share/code/resources/app/out/vs/workbench/workbench.desktop.main.js:4909:282
    at c.fire (file:///snap/code/21/usr/share/code/resources/app/out/vs/workbench/workbench.desktop.main.js:115:286)
    at file:///snap/code/21/usr/share/code/resources/app/out/vs/workbench/workbench.desktop.main.js:5569:875
    at async e.openEditor (file:///snap/code/21/usr/share/code/resources/app/out/vs/workbench/workbench.desktop.main.js:5568:750)
    at async M.doOpenEditor (file:///snap/code/21/usr/share/code/resources/app/out/vs/workbench/workbench.desktop.main.js:4911:304)
    at async M.editorOpenHandler (file:///snap/code/21/usr/share/code/resources/app/out/vs/workbench/workbench.desktop.main.js:5889:361)
    at async M.doOpenEditor (file:///snap/code/21/usr/share/code/resources/app/out/vs/workbench/workbench.desktop.main.js:4916:394)
    at async file:///snap/code/21/usr/share/code/resources/app/out/vs/workbench/workbench.desktop.main.js:5866:813
[2019-12-06 16:26:20.636] [renderer1] [error] TreeError [MarkersPanel] Tree element not found: [object Object]: Error: TreeError [MarkersPanel] Tree element not found: [object Object]
    at t.ObjectTreeModel.getElementLocation (file:///snap/code/21/usr/share/code/resources/app/out/vs/workbench/workbench.desktop.main.js:133:120)
    at t.ObjectTreeModel.isCollapsed (file:///snap/code/21/usr/share/code/resources/app/out/vs/workbench/workbench.desktop.main.js:132:250)
    at W.isCollapsed (file:///snap/code/21/usr/share/code/resources/app/out/vs/workbench/workbench.desktop.main.js:1043:391)
    at z.revealMarkersForCurrentActiveEditor (file:///snap/code/21/usr/share/code/resources/app/out/vs/workbench/workbench.desktop.main.js:5926:628)
    at z.autoReveal (file:///snap/code/21/usr/share/code/resources/app/out/vs/workbench/workbench.desktop.main.js:5926:485)
    at z.onActiveEditorChanged (file:///snap/code/21/usr/share/code/resources/app/out/vs/workbench/workbench.desktop.main.js:5923:776)
    at file:///snap/code/21/usr/share/code/resources/app/out/vs/workbench/workbench.desktop.main.js:5922:754
    at file:///snap/code/21/usr/share/code/resources/app/out/vs/workbench/workbench.desktop.main.js:111:709
    at c.fire (file:///snap/code/21/usr/share/code/resources/app/out/vs/workbench/workbench.desktop.main.js:115:286)
    at e.doEmitActiveEditorChangeEvent (file:///snap/code/21/usr/share/code/resources/app/out/vs/workbench/workbench.desktop.main.js:4909:172)
    at e.handleActiveEditorChange (file:///snap/code/21/usr/share/code/resources/app/out/vs/workbench/workbench.desktop.main.js:4908:992)
    at file:///snap/code/21/usr/share/code/resources/app/out/vs/workbench/workbench.desktop.main.js:4909:282
    at c.fire (file:///snap/code/21/usr/share/code/resources/app/out/vs/workbench/workbench.desktop.main.js:115:286)
    at file:///snap/code/21/usr/share/code/resources/app/out/vs/workbench/workbench.desktop.main.js:5569:875
    at async e.openEditor (file:///snap/code/21/usr/share/code/resources/app/out/vs/workbench/workbench.desktop.main.js:5568:750)
    at async M.doOpenEditor (file:///snap/code/21/usr/share/code/resources/app/out/vs/workbench/workbench.desktop.main.js:4911:304)
    at async M.editorOpenHandler (file:///snap/code/21/usr/share/code/resources/app/out/vs/workbench/workbench.desktop.main.js:5889:361)
    at async M.doOpenEditor (file:///snap/code/21/usr/share/code/resources/app/out/vs/workbench/workbench.desktop.main.js:4916:394)
    at async file:///snap/code/21/usr/share/code/resources/app/out/vs/workbench/workbench.desktop.main.js:5866:813
[2019-12-06 16:31:40.024] [renderer1] [error] TreeError [MarkersPanel] Tree element not found: [object Object]: Error: TreeError [MarkersPanel] Tree element not found: [object Object]
    at t.ObjectTreeModel.getElementLocation (file:///snap/code/21/usr/share/code/resources/app/out/vs/workbench/workbench.desktop.main.js:133:120)
    at t.ObjectTreeModel.isCollapsed (file:///snap/code/21/usr/share/code/resources/app/out/vs/workbench/workbench.desktop.main.js:132:250)
    at W.isCollapsed (file:///snap/code/21/usr/share/code/resources/app/out/vs/workbench/workbench.desktop.main.js:1043:391)
    at z.revealMarkersForCurrentActiveEditor (file:///snap/code/21/usr/share/code/resources/app/out/vs/workbench/workbench.desktop.main.js:5926:628)
    at z.autoReveal (file:///snap/code/21/usr/share/code/resources/app/out/vs/workbench/workbench.desktop.main.js:5926:485)
    at z.onActiveEditorChanged (file:///snap/code/21/usr/share/code/resources/app/out/vs/workbench/workbench.desktop.main.js:5923:776)
    at file:///snap/code/21/usr/share/code/resources/app/out/vs/workbench/workbench.desktop.main.js:5922:754
    at file:///snap/code/21/usr/share/code/resources/app/out/vs/workbench/workbench.desktop.main.js:111:709
    at c.fire (file:///snap/code/21/usr/share/code/resources/app/out/vs/workbench/workbench.desktop.main.js:115:286)
    at e.doEmitActiveEditorChangeEvent (file:///snap/code/21/usr/share/code/resources/app/out/vs/workbench/workbench.desktop.main.js:4909:172)
    at e.handleActiveEditorChange (file:///snap/code/21/usr/share/code/resources/app/out/vs/workbench/workbench.desktop.main.js:4908:992)
    at file:///snap/code/21/usr/share/code/resources/app/out/vs/workbench/workbench.desktop.main.js:4909:282
    at c.fire (file:///snap/code/21/usr/share/code/resources/app/out/vs/workbench/workbench.desktop.main.js:115:286)
    at file:///snap/code/21/usr/share/code/resources/app/out/vs/workbench/workbench.desktop.main.js:5569:875
    at async e.openEditor (file:///snap/code/21/usr/share/code/resources/app/out/vs/workbench/workbench.desktop.main.js:5568:750)
    at async M.doOpenEditor (file:///snap/code/21/usr/share/code/resources/app/out/vs/workbench/workbench.desktop.main.js:4911:304)
    at async M.editorOpenHandler (file:///snap/code/21/usr/share/code/resources/app/out/vs/workbench/workbench.desktop.main.js:5889:361)
    at async M.doOpenEditor (file:///snap/code/21/usr/share/code/resources/app/out/vs/workbench/workbench.desktop.main.js:4916:394)
    at async file:///snap/code/21/usr/share/code/resources/app/out/vs/workbench/workbench.desktop.main.js:5866:813
[2019-12-06 16:45:06.726] [renderer1] [error] TreeError [MarkersPanel] Tree element not found: [object Object]: Error: TreeError [MarkersPanel] Tree element not found: [object Object]
    at t.ObjectTreeModel.getElementLocation (file:///snap/code/21/usr/share/code/resources/app/out/vs/workbench/workbench.desktop.main.js:133:120)
    at t.ObjectTreeModel.isCollapsed (file:///snap/code/21/usr/share/code/resources/app/out/vs/workbench/workbench.desktop.main.js:132:250)
    at W.isCollapsed (file:///snap/code/21/usr/share/code/resources/app/out/vs/workbench/workbench.desktop.main.js:1043:391)
    at z.revealMarkersForCurrentActiveEditor (file:///snap/code/21/usr/share/code/resources/app/out/vs/workbench/workbench.desktop.main.js:5926:628)
    at z.autoReveal (file:///snap/code/21/usr/share/code/resources/app/out/vs/workbench/workbench.desktop.main.js:5926:485)
    at z.onActiveEditorChanged (file:///snap/code/21/usr/share/code/resources/app/out/vs/workbench/workbench.desktop.main.js:5923:776)
    at file:///snap/code/21/usr/share/code/resources/app/out/vs/workbench/workbench.desktop.main.js:5922:754
    at file:///snap/code/21/usr/share/code/resources/app/out/vs/workbench/workbench.desktop.main.js:111:709
    at c.fire (file:///snap/code/21/usr/share/code/resources/app/out/vs/workbench/workbench.desktop.main.js:115:286)
    at e.doEmitActiveEditorChangeEvent (file:///snap/code/21/usr/share/code/resources/app/out/vs/workbench/workbench.desktop.main.js:4909:172)
    at e.handleActiveEditorChange (file:///snap/code/21/usr/share/code/resources/app/out/vs/workbench/workbench.desktop.main.js:4908:992)
    at file:///snap/code/21/usr/share/code/resources/app/out/vs/workbench/workbench.desktop.main.js:4909:282
    at c.fire (file:///snap/code/21/usr/share/code/resources/app/out/vs/workbench/workbench.desktop.main.js:115:286)
    at file:///snap/code/21/usr/share/code/resources/app/out/vs/workbench/workbench.desktop.main.js:5569:875
    at async e.openEditor (file:///snap/code/21/usr/share/code/resources/app/out/vs/workbench/workbench.desktop.main.js:5568:750)
    at async M.doOpenEditor (file:///snap/code/21/usr/share/code/resources/app/out/vs/workbench/workbench.desktop.main.js:4911:304)
    at async M.editorOpenHandler (file:///snap/code/21/usr/share/code/resources/app/out/vs/workbench/workbench.desktop.main.js:5889:361)
    at async M.doOpenEditor (file:///snap/code/21/usr/share/code/resources/app/out/vs/workbench/workbench.desktop.main.js:4916:394)
    at async file:///snap/code/21/usr/share/code/resources/app/out/vs/workbench/workbench.desktop.main.js:5866:813
[2019-12-06 16:54:10.886] [renderer1] [error] TreeError [MarkersPanel] Tree element not found: [object Object]: Error: TreeError [MarkersPanel] Tree element not found: [object Object]
    at t.ObjectTreeModel.getElementLocation (file:///snap/code/21/usr/share/code/resources/app/out/vs/workbench/workbench.desktop.main.js:133:120)
    at t.ObjectTreeModel.isCollapsed (file:///snap/code/21/usr/share/code/resources/app/out/vs/workbench/workbench.desktop.main.js:132:250)
    at W.isCollapsed (file:///snap/code/21/usr/share/code/resources/app/out/vs/workbench/workbench.desktop.main.js:1043:391)
    at z.revealMarkersForCurrentActiveEditor (file:///snap/code/21/usr/share/code/resources/app/out/vs/workbench/workbench.desktop.main.js:5926:628)
    at z.autoReveal (file:///snap/code/21/usr/share/code/resources/app/out/vs/workbench/workbench.desktop.main.js:5926:485)
    at z.onActiveEditorChanged (file:///snap/code/21/usr/share/code/resources/app/out/vs/workbench/workbench.desktop.main.js:5923:776)
    at file:///snap/code/21/usr/share/code/resources/app/out/vs/workbench/workbench.desktop.main.js:5922:754
    at file:///snap/code/21/usr/share/code/resources/app/out/vs/workbench/workbench.desktop.main.js:111:709
    at c.fire (file:///snap/code/21/usr/share/code/resources/app/out/vs/workbench/workbench.desktop.main.js:115:286)
    at e.doEmitActiveEditorChangeEvent (file:///snap/code/21/usr/share/code/resources/app/out/vs/workbench/workbench.desktop.main.js:4909:172)
    at e.handleActiveEditorChange (file:///snap/code/21/usr/share/code/resources/app/out/vs/workbench/workbench.desktop.main.js:4908:992)
    at file:///snap/code/21/usr/share/code/resources/app/out/vs/workbench/workbench.desktop.main.js:4909:282
    at c.fire (file:///snap/code/21/usr/share/code/resources/app/out/vs/workbench/workbench.desktop.main.js:115:286)
    at file:///snap/code/21/usr/share/code/resources/app/out/vs/workbench/workbench.desktop.main.js:5569:875
    at async e.openEditor (file:///snap/code/21/usr/share/code/resources/app/out/vs/workbench/workbench.desktop.main.js:5568:750)
    at async M.doOpenEditor (file:///snap/code/21/usr/share/code/resources/app/out/vs/workbench/workbench.desktop.main.js:4911:304)
    at async M.editorOpenHandler (file:///snap/code/21/usr/share/code/resources/app/out/vs/workbench/workbench.desktop.main.js:5889:361)
    at async M.doOpenEditor (file:///snap/code/21/usr/share/code/resources/app/out/vs/workbench/workbench.desktop.main.js:4916:394)
    at async file:///snap/code/21/usr/share/code/resources/app/out/vs/workbench/workbench.desktop.main.js:5866:813
[2019-12-06 16:54:55.666] [renderer1] [error] TreeError [MarkersPanel] Tree element not found: [object Object]: Error: TreeError [MarkersPanel] Tree element not found: [object Object]
    at t.ObjectTreeModel.getElementLocation (file:///snap/code/21/usr/share/code/resources/app/out/vs/workbench/workbench.desktop.main.js:133:120)
    at t.ObjectTreeModel.isCollapsed (file:///snap/code/21/usr/share/code/resources/app/out/vs/workbench/workbench.desktop.main.js:132:250)
    at W.isCollapsed (file:///snap/code/21/usr/share/code/resources/app/out/vs/workbench/workbench.desktop.main.js:1043:391)
    at z.revealMarkersForCurrentActiveEditor (file:///snap/code/21/usr/share/code/resources/app/out/vs/workbench/workbench.desktop.main.js:5926:628)
    at z.autoReveal (file:///snap/code/21/usr/share/code/resources/app/out/vs/workbench/workbench.desktop.main.js:5926:485)
    at z.onActiveEditorChanged (file:///snap/code/21/usr/share/code/resources/app/out/vs/workbench/workbench.desktop.main.js:5923:776)
    at file:///snap/code/21/usr/share/code/resources/app/out/vs/workbench/workbench.desktop.main.js:5922:754
    at file:///snap/code/21/usr/share/code/resources/app/out/vs/workbench/workbench.desktop.main.js:111:709
    at c.fire (file:///snap/code/21/usr/share/code/resources/app/out/vs/workbench/workbench.desktop.main.js:115:286)
    at e.doEmitActiveEditorChangeEvent (file:///snap/code/21/usr/share/code/resources/app/out/vs/workbench/workbench.desktop.main.js:4909:172)
    at e.handleActiveEditorChange (file:///snap/code/21/usr/share/code/resources/app/out/vs/workbench/workbench.desktop.main.js:4908:992)
    at file:///snap/code/21/usr/share/code/resources/app/out/vs/workbench/workbench.desktop.main.js:4909:282
    at c.fire (file:///snap/code/21/usr/share/code/resources/app/out/vs/workbench/workbench.desktop.main.js:115:286)
    at file:///snap/code/21/usr/share/code/resources/app/out/vs/workbench/workbench.desktop.main.js:5569:875
    at async e.openEditor (file:///snap/code/21/usr/share/code/resources/app/out/vs/workbench/workbench.desktop.main.js:5568:750)
    at async M.doOpenEditor (file:///snap/code/21/usr/share/code/resources/app/out/vs/workbench/workbench.desktop.main.js:4911:304)
    at async M.editorOpenHandler (file:///snap/code/21/usr/share/code/resources/app/out/vs/workbench/workbench.desktop.main.js:5889:361)
    at async M.doOpenEditor (file:///snap/code/21/usr/share/code/resources/app/out/vs/workbench/workbench.desktop.main.js:4916:394)
    at async file:///snap/code/21/usr/share/code/resources/app/out/vs/workbench/workbench.desktop.main.js:5866:813
[2019-12-06 16:58:17.130] [renderer1] [error] TreeError [MarkersPanel] Tree element not found: [object Object]: Error: TreeError [MarkersPanel] Tree element not found: [object Object]
    at t.ObjectTreeModel.getElementLocation (file:///snap/code/21/usr/share/code/resources/app/out/vs/workbench/workbench.desktop.main.js:133:120)
    at t.ObjectTreeModel.isCollapsed (file:///snap/code/21/usr/share/code/resources/app/out/vs/workbench/workbench.desktop.main.js:132:250)
    at W.isCollapsed (file:///snap/code/21/usr/share/code/resources/app/out/vs/workbench/workbench.desktop.main.js:1043:391)
    at z.revealMarkersForCurrentActiveEditor (file:///snap/code/21/usr/share/code/resources/app/out/vs/workbench/workbench.desktop.main.js:5926:628)
    at z.autoReveal (file:///snap/code/21/usr/share/code/resources/app/out/vs/workbench/workbench.desktop.main.js:5926:485)
    at z.onActiveEditorChanged (file:///snap/code/21/usr/share/code/resources/app/out/vs/workbench/workbench.desktop.main.js:5923:776)
    at file:///snap/code/21/usr/share/code/resources/app/out/vs/workbench/workbench.desktop.main.js:5922:754
    at file:///snap/code/21/usr/share/code/resources/app/out/vs/workbench/workbench.desktop.main.js:111:709
    at c.fire (file:///snap/code/21/usr/share/code/resources/app/out/vs/workbench/workbench.desktop.main.js:115:286)
    at e.doEmitActiveEditorChangeEvent (file:///snap/code/21/usr/share/code/resources/app/out/vs/workbench/workbench.desktop.main.js:4909:172)
    at e.handleActiveEditorChange (file:///snap/code/21/usr/share/code/resources/app/out/vs/workbench/workbench.desktop.main.js:4908:992)
    at file:///snap/code/21/usr/share/code/resources/app/out/vs/workbench/workbench.desktop.main.js:4909:282
    at c.fire (file:///snap/code/21/usr/share/code/resources/app/out/vs/workbench/workbench.desktop.main.js:115:286)
    at file:///snap/code/21/usr/share/code/resources/app/out/vs/workbench/workbench.desktop.main.js:5569:875
    at async e.openEditor (file:///snap/code/21/usr/share/code/resources/app/out/vs/workbench/workbench.desktop.main.js:5568:750)
    at async M.doOpenEditor (file:///snap/code/21/usr/share/code/resources/app/out/vs/workbench/workbench.desktop.main.js:4911:304)
    at async M.editorOpenHandler (file:///snap/code/21/usr/share/code/resources/app/out/vs/workbench/workbench.desktop.main.js:5889:361)
    at async M.doOpenEditor (file:///snap/code/21/usr/share/code/resources/app/out/vs/workbench/workbench.desktop.main.js:4916:394)
    at async file:///snap/code/21/usr/share/code/resources/app/out/vs/workbench/workbench.desktop.main.js:5866:813
[2019-12-06 17:45:09.910] [renderer1] [error] TreeError [FileExplorer] Data tree node not found: [object Object]: Error: TreeError [FileExplorer] Data tree node not found: [object Object]
    at Z.getDataNode (file:///snap/code/21/usr/share/code/resources/app/out/vs/workbench/workbench.desktop.main.js:1060:908)
    at Z.reveal (file:///snap/code/21/usr/share/code/resources/app/out/vs/workbench/workbench.desktop.main.js:1060:498)
    at e.onSelectResource (file:///snap/code/21/usr/share/code/resources/app/out/vs/workbench/workbench.desktop.main.js:5870:968)
[2019-12-06 17:45:45.865] [renderer1] [error] TreeError [FileExplorer] Data tree node not found: [object Object]: Error: TreeError [FileExplorer] Data tree node not found: [object Object]
    at Z.getDataNode (file:///snap/code/21/usr/share/code/resources/app/out/vs/workbench/workbench.desktop.main.js:1060:908)
    at Z.reveal (file:///snap/code/21/usr/share/code/resources/app/out/vs/workbench/workbench.desktop.main.js:1060:498)
    at e.onSelectResource (file:///snap/code/21/usr/share/code/resources/app/out/vs/workbench/workbench.desktop.main.js:5870:968)
[2019-12-06 17:46:51.730] [renderer1] [error] TreeError [MarkersPanel] Tree element not found: [object Object]: Error: TreeError [MarkersPanel] Tree element not found: [object Object]
    at t.ObjectTreeModel.getElementLocation (file:///snap/code/21/usr/share/code/resources/app/out/vs/workbench/workbench.desktop.main.js:133:120)
    at t.ObjectTreeModel.isCollapsed (file:///snap/code/21/usr/share/code/resources/app/out/vs/workbench/workbench.desktop.main.js:132:250)
    at W.isCollapsed (file:///snap/code/21/usr/share/code/resources/app/out/vs/workbench/workbench.desktop.main.js:1043:391)
    at z.revealMarkersForCurrentActiveEditor (file:///snap/code/21/usr/share/code/resources/app/out/vs/workbench/workbench.desktop.main.js:5926:628)
    at z.autoReveal (file:///snap/code/21/usr/share/code/resources/app/out/vs/workbench/workbench.desktop.main.js:5926:485)
    at z.onActiveEditorChanged (file:///snap/code/21/usr/share/code/resources/app/out/vs/workbench/workbench.desktop.main.js:5923:776)
    at file:///snap/code/21/usr/share/code/resources/app/out/vs/workbench/workbench.desktop.main.js:5922:754
    at file:///snap/code/21/usr/share/code/resources/app/out/vs/workbench/workbench.desktop.main.js:111:709
    at c.fire (file:///snap/code/21/usr/share/code/resources/app/out/vs/workbench/workbench.desktop.main.js:115:286)
    at e.doEmitActiveEditorChangeEvent (file:///snap/code/21/usr/share/code/resources/app/out/vs/workbench/workbench.desktop.main.js:4909:172)
    at e.handleActiveEditorChange (file:///snap/code/21/usr/share/code/resources/app/out/vs/workbench/workbench.desktop.main.js:4908:992)
    at file:///snap/code/21/usr/share/code/resources/app/out/vs/workbench/workbench.desktop.main.js:4909:282
    at c.fire (file:///snap/code/21/usr/share/code/resources/app/out/vs/workbench/workbench.desktop.main.js:115:286)
    at file:///snap/code/21/usr/share/code/resources/app/out/vs/workbench/workbench.desktop.main.js:5569:875
    at async e.openEditor (file:///snap/code/21/usr/share/code/resources/app/out/vs/workbench/workbench.desktop.main.js:5568:750)
    at async M.doOpenEditor (file:///snap/code/21/usr/share/code/resources/app/out/vs/workbench/workbench.desktop.main.js:4911:304)
    at async M.editorOpenHandler (file:///snap/code/21/usr/share/code/resources/app/out/vs/workbench/workbench.desktop.main.js:5889:361)
    at async M.doOpenEditor (file:///snap/code/21/usr/share/code/resources/app/out/vs/workbench/workbench.desktop.main.js:4916:394)
    at async file:///snap/code/21/usr/share/code/resources/app/out/vs/workbench/workbench.desktop.main.js:5866:813
[2019-12-06 19:16:20.367] [renderer1] [error] TreeError [FileExplorer] Data tree node not found: [object Object]: Error: TreeError [FileExplorer] Data tree node not found: [object Object]
    at Z.getDataNode (file:///snap/code/21/usr/share/code/resources/app/out/vs/workbench/workbench.desktop.main.js:1060:908)
    at Z.reveal (file:///snap/code/21/usr/share/code/resources/app/out/vs/workbench/workbench.desktop.main.js:1060:498)
    at e.onSelectResource (file:///snap/code/21/usr/share/code/resources/app/out/vs/workbench/workbench.desktop.main.js:5870:968)
[2019-12-06 19:20:04.425] [renderer1] [error] TreeError [MarkersPanel] Tree element not found: [object Object]: Error: TreeError [MarkersPanel] Tree element not found: [object Object]
    at t.ObjectTreeModel.getElementLocation (file:///snap/code/21/usr/share/code/resources/app/out/vs/workbench/workbench.desktop.main.js:133:120)
    at t.ObjectTreeModel.isCollapsed (file:///snap/code/21/usr/share/code/resources/app/out/vs/workbench/workbench.desktop.main.js:132:250)
    at W.isCollapsed (file:///snap/code/21/usr/share/code/resources/app/out/vs/workbench/workbench.desktop.main.js:1043:391)
    at z.revealMarkersForCurrentActiveEditor (file:///snap/code/21/usr/share/code/resources/app/out/vs/workbench/workbench.desktop.main.js:5926:628)
    at z.autoReveal (file:///snap/code/21/usr/share/code/resources/app/out/vs/workbench/workbench.desktop.main.js:5926:485)
    at z.onActiveEditorChanged (file:///snap/code/21/usr/share/code/resources/app/out/vs/workbench/workbench.desktop.main.js:5923:776)
    at file:///snap/code/21/usr/share/code/resources/app/out/vs/workbench/workbench.desktop.main.js:5922:754
    at file:///snap/code/21/usr/share/code/resources/app/out/vs/workbench/workbench.desktop.main.js:111:709
    at c.fire (file:///snap/code/21/usr/share/code/resources/app/out/vs/workbench/workbench.desktop.main.js:115:286)
    at e.doEmitActiveEditorChangeEvent (file:///snap/code/21/usr/share/code/resources/app/out/vs/workbench/workbench.desktop.main.js:4909:172)
    at e.handleActiveEditorChange (file:///snap/code/21/usr/share/code/resources/app/out/vs/workbench/workbench.desktop.main.js:4908:992)
    at file:///snap/code/21/usr/share/code/resources/app/out/vs/workbench/workbench.desktop.main.js:4909:282
    at c.fire (file:///snap/code/21/usr/share/code/resources/app/out/vs/workbench/workbench.desktop.main.js:115:286)
    at file:///snap/code/21/usr/share/code/resources/app/out/vs/workbench/workbench.desktop.main.js:5569:875
    at async e.openEditor (file:///snap/code/21/usr/share/code/resources/app/out/vs/workbench/workbench.desktop.main.js:5568:750)
    at async e.doOpenEditor (file:///snap/code/21/usr/share/code/resources/app/out/vs/workbench/workbench.desktop.main.js:4911:304)
[2019-12-06 20:02:48.076] [renderer1] [error] TreeError [MarkersPanel] Tree element not found: [object Object]: Error: TreeError [MarkersPanel] Tree element not found: [object Object]
    at t.ObjectTreeModel.getElementLocation (file:///snap/code/21/usr/share/code/resources/app/out/vs/workbench/workbench.desktop.main.js:133:120)
    at t.ObjectTreeModel.isCollapsed (file:///snap/code/21/usr/share/code/resources/app/out/vs/workbench/workbench.desktop.main.js:132:250)
    at W.isCollapsed (file:///snap/code/21/usr/share/code/resources/app/out/vs/workbench/workbench.desktop.main.js:1043:391)
    at z.revealMarkersForCurrentActiveEditor (file:///snap/code/21/usr/share/code/resources/app/out/vs/workbench/workbench.desktop.main.js:5926:628)
    at z.autoReveal (file:///snap/code/21/usr/share/code/resources/app/out/vs/workbench/workbench.desktop.main.js:5926:485)
    at z.onActiveEditorChanged (file:///snap/code/21/usr/share/code/resources/app/out/vs/workbench/workbench.desktop.main.js:5923:776)
    at file:///snap/code/21/usr/share/code/resources/app/out/vs/workbench/workbench.desktop.main.js:5922:754
    at file:///snap/code/21/usr/share/code/resources/app/out/vs/workbench/workbench.desktop.main.js:111:709
    at c.fire (file:///snap/code/21/usr/share/code/resources/app/out/vs/workbench/workbench.desktop.main.js:115:286)
    at e.doEmitActiveEditorChangeEvent (file:///snap/code/21/usr/share/code/resources/app/out/vs/workbench/workbench.desktop.main.js:4909:172)
    at e.handleActiveEditorChange (file:///snap/code/21/usr/share/code/resources/app/out/vs/workbench/workbench.desktop.main.js:4908:992)
    at file:///snap/code/21/usr/share/code/resources/app/out/vs/workbench/workbench.desktop.main.js:4909:282
    at c.fire (file:///snap/code/21/usr/share/code/resources/app/out/vs/workbench/workbench.desktop.main.js:115:286)
    at file:///snap/code/21/usr/share/code/resources/app/out/vs/workbench/workbench.desktop.main.js:5569:875
    at async e.openEditor (file:///snap/code/21/usr/share/code/resources/app/out/vs/workbench/workbench.desktop.main.js:5568:750)
    at async M.doOpenEditor (file:///snap/code/21/usr/share/code/resources/app/out/vs/workbench/workbench.desktop.main.js:4911:304)
    at async M.editorOpenHandler (file:///snap/code/21/usr/share/code/resources/app/out/vs/workbench/workbench.desktop.main.js:5889:361)
    at async M.doOpenEditor (file:///snap/code/21/usr/share/code/resources/app/out/vs/workbench/workbench.desktop.main.js:4916:394)
    at async file:///snap/code/21/usr/share/code/resources/app/out/vs/workbench/workbench.desktop.main.js:5866:813
